<?xml version="1.0" encoding="UTF-8"?>
<!-- Generated by org.testng.reporters.JUnitReportReporter -->
<testsuite hostname="DESKTOP-BPQ80UG" name="FST_Rest_Assured.FST_Rest_Assured.tyicodeClass" tests="3" failures="0" timestamp="18 Apr 2022 04:35:39 GMT" time="4.095" errors="0">
  <testcase name="GETtypicode" time="1.899" classname="FST_Rest_Assured.FST_Rest_Assured.tyicodeClass"/>
  <testcase name="DELETEtypicode" time="0.545" classname="FST_Rest_Assured.FST_Rest_Assured.tyicodeClass"/>
  <testcase name="PUTtypicode" time="1.651" classname="FST_Rest_Assured.FST_Rest_Assured.tyicodeClass"/>
</testsuite> <!-- FST_Rest_Assured.FST_Rest_Assured.tyicodeClass -->
